<?xml version="1.0" encoding="UTF-8"?>
<testng-results ignored="0" total="0" passed="0" failed="0" skipped="0">
  <reporter-output>
  </reporter-output>
  <suite started-at="2025-03-13T18:56:25 IST" name="Default suite" finished-at="2025-03-13T18:56:25 IST" duration-ms="229">
    <groups>
      <group name="cucumber">
        <method signature="AbstractTestNGCucumberTests.runScenario(io.cucumber.testng.PickleWrapper,io.cucumber.testng.FeatureWrapper)[pri:0, instance:com.jioCinema.utiliti.ReportConfigurations@279fedbd]" name="runScenario" class="io.cucumber.testng.AbstractTestNGCucumberTests"/>
      </group> <!-- cucumber -->
    </groups>
    <test started-at="2025-03-13T18:56:25 IST" name="Default test" finished-at="2025-03-13T18:56:25 IST" duration-ms="229">
      <class name="com.jioCinema.utiliti.ReportConfigurations">
        <test-method is-config="true" signature="beforeSuite(org.testng.ITestContext,java.lang.String,java.lang.String,java.lang.String,java.lang.String,java.lang.String,java.lang.String)[pri:0, instance:com.jioCinema.utiliti.ReportConfigurations@279fedbd]" started-at="2025-03-13T18:56:24 IST" name="beforeSuite" finished-at="2025-03-13T18:56:25 IST" duration-ms="1271" status="PASS">
          <params>
            <param index="0">
              <value>
                <![CDATA[org.testng.TestRunner@18cc679e]]>
              </value>
            </param>
            <param index="1">
              <value is-null="true"/>
            </param>
            <param index="2">
              <value is-null="true"/>
            </param>
            <param index="3">
              <value is-null="true"/>
            </param>
            <param index="4">
              <value is-null="true"/>
            </param>
            <param index="5">
              <value is-null="true"/>
            </param>
            <param index="6">
              <value is-null="true"/>
            </param>
          </params>
          <reporter-output>
          </reporter-output>
        </test-method> <!-- beforeSuite -->
        <test-method is-config="true" signature="setUpClass()[pri:0, instance:com.jioCinema.utiliti.ReportConfigurations@279fedbd]" started-at="2025-03-13T18:56:25 IST" name="setUpClass" finished-at="2025-03-13T18:56:25 IST" duration-ms="150" status="PASS">
          <reporter-output>
          </reporter-output>
        </test-method> <!-- setUpClass -->
        <test-method is-config="true" signature="tearDownClass()[pri:0, instance:com.jioCinema.utiliti.ReportConfigurations@279fedbd]" started-at="2025-03-13T18:56:25 IST" name="tearDownClass" finished-at="2025-03-13T18:56:25 IST" duration-ms="5" status="PASS">
          <reporter-output>
          </reporter-output>
        </test-method> <!-- tearDownClass -->
        <test-method is-config="true" signature="afterSetUp()[pri:0, instance:com.jioCinema.utiliti.ReportConfigurations@279fedbd]" started-at="2025-03-13T18:56:25 IST" name="afterSetUp" finished-at="2025-03-13T18:56:25 IST" duration-ms="24" status="PASS">
          <reporter-output>
          </reporter-output>
        </test-method> <!-- afterSetUp -->
      </class> <!-- com.jioCinema.utiliti.ReportConfigurations -->
    </test> <!-- Default test -->
  </suite> <!-- Default suite -->
</testng-results>
